<?xml version="1.0" encoding="UTF-8"?>
<!-- Generated by org.testng.reporters.JUnitReportReporter -->
<testsuite hostname="LAP-AJLARA" failures="0" tests="8" name="Project_Junit.TestPizzeriaEjercicio2" time="0.029" errors="0" timestamp="2022-12-03T16:57:56 CST" skipped="0">
  <testcase classname="Project_Junit.TestPizzeriaEjercicio2" name="verificarClienteConTarjeta" time="0.013"/>
  <system-out/>
  <testcase classname="Project_Junit.TestPizzeriaEjercicio2" name="verificarNoGuardarCupon" time="0.002"/>
  <system-out/>
  <testcase classname="Project_Junit.TestPizzeriaEjercicio2" name="verificarClienteSinTarjeta" time="0.002"/>
  <system-out/>
  <testcase classname="Project_Junit.TestPizzeriaEjercicio2" name="verificarSaldoEntre100Y150" time="0.002"/>
  <system-out/>
  <testcase classname="Project_Junit.TestPizzeriaEjercicio2" name="verificarGuardarCupon" time="0.003"/>
  <system-out/>
  <testcase classname="Project_Junit.TestPizzeriaEjercicio2" name="verificarSaldoEntre50Y100" time="0.002"/>
  <system-out/>
  <testcase classname="Project_Junit.TestPizzeriaEjercicio2" name="verificarSaldoMayorA150" time="0.003"/>
  <system-out/>
  <testcase classname="Project_Junit.TestPizzeriaEjercicio2" name="verificarSaldoMenorA50" time="0.002"/>
  <system-out/>
</testsuite> <!-- Project_Junit.TestPizzeriaEjercicio2 -->
