<?xml version="1.0" encoding="UTF-8"?>
<!-- Generated by org.testng.reporters.JUnitReportReporter -->
<testsuite hostname="LAP-AJLARA" failures="0" tests="14" name="Project_Junit.TestPizzeriaEjercicio1" time="0.123" errors="0" timestamp="2022-12-03T16:54:40 CST" skipped="0">
  <testcase classname="Project_Junit.TestPizzeriaEjercicio1" name="verificarListaIngredientesVegetarianos" time="0.006"/>
  <system-out/>
  <testcase classname="Project_Junit.TestPizzeriaEjercicio1" name="verificarGuardarIngrediente1ComoOpcionInvalida" time="0.003"/>
  <system-out/>
  <testcase classname="Project_Junit.TestPizzeriaEjercicio1" name="verificarGuardarIngrediente2ComoHongos" time="0.002"/>
  <system-out/>
  <testcase classname="Project_Junit.TestPizzeriaEjercicio1" name="verificarOpcionVegAlPreguntarOpcionVeganaFalse" time="0.003"/>
  <system-out/>
  <testcase classname="Project_Junit.TestPizzeriaEjercicio1" name="verificarGuardarIngrediente2ComoJamon" time="0.003"/>
  <system-out/>
  <testcase classname="Project_Junit.TestPizzeriaEjercicio1" name="verificarOpcionVegAlPreguntarOpcionVeganaTrue" time="0.003"/>
  <system-out/>
  <testcase classname="Project_Junit.TestPizzeriaEjercicio1" name="verificarGuardarIngrediente1ComoPeperoni" time="0.002"/>
  <system-out/>
  <testcase classname="Project_Junit.TestPizzeriaEjercicio1" name="verificarMensajeDeInicioSeDespliega" time="0.005"/>
  <system-out/>
  <testcase classname="Project_Junit.TestPizzeriaEjercicio1" name="verificarOpcionVeganaVerdadera" time="0.001"/>
  <system-out/>
  <testcase classname="Project_Junit.TestPizzeriaEjercicio1" name="verificarGuardarIngrediente1ComoPimiento" time="0.003"/>
  <system-out/>
  <testcase classname="Project_Junit.TestPizzeriaEjercicio1" name="verificarListaIngredientesNoVegetarianos" time="0.013"/>
  <system-out/>
  <testcase classname="Project_Junit.TestPizzeriaEjercicio1" name="verificarGuardarIngrediente3ComoEspinaca" time="0.002"/>
  <system-out/>
  <testcase classname="Project_Junit.TestPizzeriaEjercicio1" name="guardarIngredientesComoHongos" time="0.075"/>
  <system-out/>
  <testcase classname="Project_Junit.TestPizzeriaEjercicio1" name="verificarGuardarIngrediente3ComoSalchicha" time="0.002"/>
  <system-out/>
</testsuite> <!-- Project_Junit.TestPizzeriaEjercicio1 -->
