<?xml version="1.0" encoding="UTF-8"?>
<!-- Generated by org.testng.reporters.JUnitReportReporter -->
<testsuite hostname="LAP-AJLARA" failures="0" tests="1" name="Project_Junit.TestPizzeriaEjercicio1" time="0.007" errors="0" timestamp="2022-12-03T04:25:50 CST" skipped="0">
  <testcase classname="Project_Junit.TestPizzeriaEjercicio1" name="verificarMensajeDeInicioSeDespliega" time="0.007"/>
  <system-out/>
</testsuite> <!-- Project_Junit.TestPizzeriaEjercicio1 -->
